Using pre-set license
Built from '6000.0/staging' branch; Version is '6000.0.41f1 (46e447368a18) revision 4645959'; Using compiler version '193933523'; Build Type 'Release'
OS: 'Windows 11  (10.0.26200) 64bit Professional' Language: 'es' Physical Memory: 16221 MB
BatchMode: 1, IsHumanControllingUs: 0, StartBugReporterOnCrash: 0, Is64bit: 1, IsPro: 1

COMMAND LINE ARGUMENTS:
C:\Program Files\Unity\Hub\Editor\6000.0.41f1\Editor\Unity.exe
-adb2
-batchMode
-noUpm
-name
AssetImportWorker2
-projectPath
C:/Users/Nitropc/Documents/GitHub/Totemtro/Totemtro
-logFile
Logs/AssetImportWorker2.log
-srvPort
61757
-job-worker-count
7
-background-job-worker-count
8
-gc-helper-count
1
Successfully changed project path to: C:/Users/Nitropc/Documents/GitHub/Totemtro/Totemtro
C:/Users/Nitropc/Documents/GitHub/Totemtro/Totemtro
[UnityMemory] Configuration Parameters - Can be set up in boot.config
    "memorysetup-bucket-allocator-granularity=16"
    "memorysetup-bucket-allocator-bucket-count=8"
    "memorysetup-bucket-allocator-block-size=33554432"
    "memorysetup-bucket-allocator-block-count=8"
    "memorysetup-main-allocator-block-size=16777216"
    "memorysetup-thread-allocator-block-size=16777216"
    "memorysetup-gfx-main-allocator-block-size=16777216"
    "memorysetup-gfx-thread-allocator-block-size=16777216"
    "memorysetup-cache-allocator-block-size=4194304"
    "memorysetup-typetree-allocator-block-size=2097152"
    "memorysetup-profiler-bucket-allocator-granularity=16"
    "memorysetup-profiler-bucket-allocator-bucket-count=8"
    "memorysetup-profiler-bucket-allocator-block-size=33554432"
    "memorysetup-profiler-bucket-allocator-block-count=8"
    "memorysetup-profiler-allocator-block-size=16777216"
    "memorysetup-profiler-editor-allocator-block-size=1048576"
    "memorysetup-temp-allocator-size-main=16777216"
    "memorysetup-job-temp-allocator-block-size=2097152"
    "memorysetup-job-temp-allocator-block-size-background=1048576"
    "memorysetup-job-temp-allocator-reduction-small-platforms=262144"
    "memorysetup-allocator-temp-initial-block-size-main=262144"
    "memorysetup-allocator-temp-initial-block-size-worker=262144"
    "memorysetup-temp-allocator-size-background-worker=32768"
    "memorysetup-temp-allocator-size-job-worker=262144"
    "memorysetup-temp-allocator-size-preload-manager=33554432"
    "memorysetup-temp-allocator-size-nav-mesh-worker=65536"
    "memorysetup-temp-allocator-size-audio-worker=65536"
    "memorysetup-temp-allocator-size-cloud-worker=32768"
    "memorysetup-temp-allocator-size-gi-baking-worker=262144"
    "memorysetup-temp-allocator-size-gi-baking-worker=262144"
    "memorysetup-temp-allocator-size-gi-baking-worker=262144"
    "memorysetup-temp-allocator-size-gi-baking-worker=262144"
    "memorysetup-temp-allocator-size-gi-baking-worker=262144"
    "memorysetup-temp-allocator-size-gfx=262144"
Player connection [23156]  Target information:

Player connection [23156]  * "[IP] 192.168.1.64 [Port] 0 [Flags] 2 [Guid] 3407956240 [EditorId] 3407956240 [Version] 1048832 [Id] WindowsEditor(7,DZka1) [Debug] 1 [PackageName] WindowsEditor [ProjectName] Editor" 

Player connection [23156] Host joined multi-casting on [225.0.0.222:54997]...
Player connection [23156] Host joined alternative multi-casting on [225.0.0.222:34997]...
JobSystem: Creating JobQueue using job-worker-count value 7
Input System module state changed to: Initialized.
[Physics::Module] Initialized fallback backend.
[Physics::Module] Id: 0xdecafbad
Library Redirect Path: Library/
[Physics::Module] Selected backend.
[Physics::Module] Name: PhysX
[Physics::Module] Id: 0xf2b8ea05
[Physics::Module] SDK Version: 4.1.2
[Physics::Module] Integration Version: 1.0.0
[Physics::Module] Threading Mode: Multi-Threaded
Refreshing native plugins compatible for Editor in 2.32 ms, found 4 plugins.
Preloading 0 native plugins for Editor in 0.00 ms.
Initialize engine version: 6000.0.41f1 (46e447368a18)
[Subsystems] Discovering subsystems at path C:/Program Files/Unity/Hub/Editor/6000.0.41f1/Editor/Data/Resources/UnitySubsystems
[Subsystems] Discovering subsystems at path C:/Users/Nitropc/Documents/GitHub/Totemtro/Totemtro/Assets
GfxDevice: creating device client; kGfxThreadingModeNonThreaded
Direct3D:
    Version:  Direct3D 11.0 [level 11.1]
    Renderer: NVIDIA GeForce RTX 2060 (ID=0x1f08)
    Vendor:   NVIDIA
    VRAM:     5955 MB
    Driver:   32.0.15.9159
Initialize mono
Mono path[0] = 'C:/Program Files/Unity/Hub/Editor/6000.0.41f1/Editor/Data/Managed'
Mono path[1] = 'C:/Program Files/Unity/Hub/Editor/6000.0.41f1/Editor/Data/MonoBleedingEdge/lib/mono/unityjit-win32'
Mono config path = 'C:/Program Files/Unity/Hub/Editor/6000.0.41f1/Editor/Data/MonoBleedingEdge/etc'
Using monoOptions --debugger-agent=transport=dt_socket,embedding=1,server=y,suspend=n,address=127.0.0.1:56568
Begin MonoManager ReloadAssembly
Registering precompiled unity dll's ...
Register platform support module: C:/Program Files/Unity/Hub/Editor/6000.0.41f1/Editor/Data/PlaybackEngines/WindowsStandaloneSupport/UnityEditor.WindowsStandalone.Extensions.dll
Register platform support module: C:/Program Files/Unity/Hub/Editor/6000.0.41f1/Editor/Data/PlaybackEngines/AndroidPlayer/UnityEditor.Android.Extensions.dll
Registered in 0.002725 seconds.
- Loaded All Assemblies, in  0.318 seconds
Native extension for Android target not found
Android Extension - Scanning For ADB Devices 163 ms
Native extension for WindowsStandalone target not found
Mono: successfully reloaded assembly
- Finished resetting the current domain, in  0.452 seconds
Domain Reload Profiling: 768ms
	BeginReloadAssembly (112ms)
		ExecutionOrderSort (0ms)
		DisableScriptedObjects (0ms)
		BackupInstance (0ms)
		ReleaseScriptingObjects (0ms)
		CreateAndSetChildDomain (1ms)
	RebuildCommonClasses (33ms)
	RebuildNativeTypeToScriptingClass (11ms)
	initialDomainReloadingComplete (40ms)
	LoadAllAssembliesAndSetupDomain (119ms)
		LoadAssemblies (109ms)
		RebuildTransferFunctionScriptingTraits (0ms)
		AnalyzeDomain (116ms)
			TypeCache.Refresh (115ms)
				TypeCache.ScanAssembly (106ms)
			BuildScriptInfoCaches (0ms)
			ResolveRequiredComponents (0ms)
	FinalizeReload (452ms)
		ReleaseScriptCaches (0ms)
		RebuildScriptCaches (0ms)
		SetupLoadedEditorAssemblies (417ms)
			LogAssemblyErrors (0ms)
			InitializePlatformSupportModulesInManaged (238ms)
			SetLoadedEditorAssemblies (3ms)
			BeforeProcessingInitializeOnLoad (41ms)
			ProcessInitializeOnLoadAttributes (90ms)
			ProcessInitializeOnLoadMethodAttributes (45ms)
			AfterProcessingInitializeOnLoad (0ms)
			EditorAssembliesLoaded (0ms)
		ExecutionOrderSort2 (0ms)
		AwakeInstancesAfterBackupRestoration (0ms)
========================================================================
Worker process is ready to serve import requests
Import Worker Mode flag is 0x00
Begin MonoManager ReloadAssembly
- Loaded All Assemblies, in  0.648 seconds
Refreshing native plugins compatible for Editor in 1.38 ms, found 4 plugins.
Native extension for Android target not found
Native extension for WindowsStandalone target not found
Mono: successfully reloaded assembly
- Finished resetting the current domain, in  0.638 seconds
Domain Reload Profiling: 1282ms
	BeginReloadAssembly (131ms)
		ExecutionOrderSort (0ms)
		DisableScriptedObjects (5ms)
		BackupInstance (0ms)
		ReleaseScriptingObjects (0ms)
		CreateAndSetChildDomain (21ms)
	RebuildCommonClasses (28ms)
	RebuildNativeTypeToScriptingClass (9ms)
	initialDomainReloadingComplete (32ms)
	LoadAllAssembliesAndSetupDomain (444ms)
		LoadAssemblies (284ms)
		RebuildTransferFunctionScriptingTraits (0ms)
		AnalyzeDomain (239ms)
			TypeCache.Refresh (182ms)
				TypeCache.ScanAssembly (167ms)
			BuildScriptInfoCaches (47ms)
			ResolveRequiredComponents (8ms)
	FinalizeReload (638ms)
		ReleaseScriptCaches (0ms)
		RebuildScriptCaches (0ms)
		SetupLoadedEditorAssemblies (515ms)
			LogAssemblyErrors (0ms)
			InitializePlatformSupportModulesInManaged (8ms)
			SetLoadedEditorAssemblies (5ms)
			BeforeProcessingInitializeOnLoad (102ms)
			ProcessInitializeOnLoadAttributes (302ms)
			ProcessInitializeOnLoadMethodAttributes (93ms)
			AfterProcessingInitializeOnLoad (5ms)
			EditorAssembliesLoaded (0ms)
		ExecutionOrderSort2 (0ms)
		AwakeInstancesAfterBackupRestoration (5ms)
Launched and connected shader compiler UnityShaderCompiler.exe after 0.01 seconds
Refreshing native plugins compatible for Editor in 2.30 ms, found 4 plugins.
Preloading 0 native plugins for Editor in 0.00 ms.
Unloading 206 Unused Serialized files (Serialized files now loaded: 0)
Unloading 6719 unused Assets / (4.2 MB). Loaded Objects now: 7420.
Memory consumption went from 178.4 MB to 174.2 MB.
Total: 12.314000 ms (FindLiveObjects: 0.836400 ms CreateObjectMapping: 1.010500 ms MarkObjects: 7.278100 ms  DeleteObjects: 3.187500 ms)

========================================================================
Received Import Request.
  Time since last request: 17231.047731 seconds.
  path: Assets/Characters/Grim/Grim.asset
  artifactKey: Guid(b8a6b44a67d5ea1498304d0cdf05e0ee) Importer(815301076,1909f56bfc062723c751e8b465ee728b)
Start importing Assets/Characters/Grim/Grim.asset using Guid(b8a6b44a67d5ea1498304d0cdf05e0ee) Importer(815301076,1909f56bfc062723c751e8b465ee728b) (PreviewImporter) -> (artifact id: 'e54d5296b15f6d2040e578ce4bd34b35') in 0.0224998 seconds
Number of updated asset objects reloaded before import = 0Number of asset objects unloaded after import = 3

========================================================================
Received Import Request.
  Time since last request: 4.721464 seconds.
  path: Assets/Characters/Vex/ChaosRocks.asset
  artifactKey: Guid(508c14f3dce616b4d911f5fde1fc8550) Importer(815301076,1909f56bfc062723c751e8b465ee728b)
Start importing Assets/Characters/Vex/ChaosRocks.asset using Guid(508c14f3dce616b4d911f5fde1fc8550) Importer(815301076,1909f56bfc062723c751e8b465ee728b) (PreviewImporter) -> (artifact id: 'db73f480dc0bc0ee8ddbd426a92adba0') in 0.0011788 seconds
Number of updated asset objects reloaded before import = 0Number of asset objects unloaded after import = 1

========================================================================
Received Import Request.
  Time since last request: 1.019890 seconds.
  path: Assets/Characters/Vex
  artifactKey: Guid(6b900c3f82494b0459c63cb74fbf94ab) Importer(815301076,1909f56bfc062723c751e8b465ee728b)
Start importing Assets/Characters/Vex using Guid(6b900c3f82494b0459c63cb74fbf94ab) Importer(815301076,1909f56bfc062723c751e8b465ee728b) (PreviewImporter) -> (artifact id: '4bf9944bf9d96154a5245c3fc521d7c4') in 0.0005032 seconds
Number of updated asset objects reloaded before import = 0Number of asset objects unloaded after import = 0

========================================================================
Received Import Request.
  Time since last request: 4.235174 seconds.
  path: Assets/Characters/Vex/Vex.asset
  artifactKey: Guid(93a2860363c1ee746a87b20c54887a3e) Importer(815301076,1909f56bfc062723c751e8b465ee728b)
Start importing Assets/Characters/Vex/Vex.asset using Guid(93a2860363c1ee746a87b20c54887a3e) Importer(815301076,1909f56bfc062723c751e8b465ee728b) (PreviewImporter) -> (artifact id: 'fdafbea9755d8025f6d621d9770df437') in 0.0011271 seconds
Number of updated asset objects reloaded before import = 0Number of asset objects unloaded after import = 1

========================================================================
Received Import Request.
  Time since last request: 268.525606 seconds.
  path: Assets/Scripts/Characters
  artifactKey: Guid(abe0d497916769f42adf7afc40df9ed8) Importer(815301076,1909f56bfc062723c751e8b465ee728b)
Start importing Assets/Scripts/Characters using Guid(abe0d497916769f42adf7afc40df9ed8) Importer(815301076,1909f56bfc062723c751e8b465ee728b) (PreviewImporter) -> (artifact id: '6bf1af014969929fc150daed7ad13130') in 0.0007912 seconds
Number of updated asset objects reloaded before import = 0Number of asset objects unloaded after import = 0

========================================================================
Received Prepare
Refreshing native plugins compatible for Editor in 3.34 ms, found 4 plugins.
Preloading 0 native plugins for Editor in 0.00 ms.
Unloading 13 Unused Serialized files (Serialized files now loaded: 0)
Unloading 6707 unused Assets / (4.0 MB). Loaded Objects now: 7424.
Memory consumption went from 146.0 MB to 142.0 MB.
Total: 13.580600 ms (FindLiveObjects: 0.810700 ms CreateObjectMapping: 0.903100 ms MarkObjects: 8.074900 ms  DeleteObjects: 3.790600 ms)

Prepare: number of updated asset objects reloaded= 0
========================================================================
Received Import Request.
  Time since last request: 6.424437 seconds.
  path: Assets/Scripts/Characters/HeroController.cs
  artifactKey: Guid(eca10137604c03444a3ce8809b565d01) Importer(815301076,1909f56bfc062723c751e8b465ee728b)
Start importing Assets/Scripts/Characters/HeroController.cs using Guid(eca10137604c03444a3ce8809b565d01) Importer(815301076,1909f56bfc062723c751e8b465ee728b) (PreviewImporter) -> (artifact id: '63d24cdaf05e350f9d9709036214bca8') in 0.0072457 seconds
Number of updated asset objects reloaded before import = 0Number of asset objects unloaded after import = 0

========================================================================
Received Prepare
Begin MonoManager ReloadAssembly
- Loaded All Assemblies, in  0.637 seconds
Refreshing native plugins compatible for Editor in 1.80 ms, found 4 plugins.
Native extension for Android target not found
Native extension for WindowsStandalone target not found
Mono: successfully reloaded assembly
- Finished resetting the current domain, in  0.671 seconds
Domain Reload Profiling: 1306ms
	BeginReloadAssembly (187ms)
		ExecutionOrderSort (0ms)
		DisableScriptedObjects (15ms)
		BackupInstance (0ms)
		ReleaseScriptingObjects (0ms)
		CreateAndSetChildDomain (46ms)
	RebuildCommonClasses (31ms)
	RebuildNativeTypeToScriptingClass (10ms)
	initialDomainReloadingComplete (27ms)
	LoadAllAssembliesAndSetupDomain (380ms)
		LoadAssemblies (295ms)
		RebuildTransferFunctionScriptingTraits (0ms)
		AnalyzeDomain (172ms)
			TypeCache.Refresh (9ms)
				TypeCache.ScanAssembly (0ms)
			BuildScriptInfoCaches (151ms)
			ResolveRequiredComponents (8ms)
	FinalizeReload (671ms)
		ReleaseScriptCaches (0ms)
		RebuildScriptCaches (0ms)
		SetupLoadedEditorAssemblies (475ms)
			LogAssemblyErrors (0ms)
			InitializePlatformSupportModulesInManaged (10ms)
			SetLoadedEditorAssemblies (5ms)
			BeforeProcessingInitializeOnLoad (103ms)
			ProcessInitializeOnLoadAttributes (302ms)
			ProcessInitializeOnLoadMethodAttributes (52ms)
			AfterProcessingInitializeOnLoad (4ms)
			EditorAssembliesLoaded (0ms)
		ExecutionOrderSort2 (0ms)
		AwakeInstancesAfterBackupRestoration (11ms)
Refreshing native plugins compatible for Editor in 1.38 ms, found 4 plugins.
Preloading 0 native plugins for Editor in 0.00 ms.
Unloading 13 Unused Serialized files (Serialized files now loaded: 0)
Unloading 6718 unused Assets / (4.2 MB). Loaded Objects now: 7428.
Memory consumption went from 149.3 MB to 145.1 MB.
Total: 6.623600 ms (FindLiveObjects: 0.557700 ms CreateObjectMapping: 0.544300 ms MarkObjects: 3.655800 ms  DeleteObjects: 1.864800 ms)

Prepare: number of updated asset objects reloaded= 0
========================================================================
Received Prepare
Refreshing native plugins compatible for Editor in 1.78 ms, found 4 plugins.
Preloading 0 native plugins for Editor in 0.00 ms.
Unloading 13 Unused Serialized files (Serialized files now loaded: 0)
Unloading 6707 unused Assets / (4.4 MB). Loaded Objects now: 7428.
Memory consumption went from 149.4 MB to 145.0 MB.
Total: 7.899100 ms (FindLiveObjects: 0.754900 ms CreateObjectMapping: 0.994800 ms MarkObjects: 3.921300 ms  DeleteObjects: 2.227100 ms)

Prepare: number of updated asset objects reloaded= 0
========================================================================
Received Prepare
Begin MonoManager ReloadAssembly
- Loaded All Assemblies, in  0.618 seconds
Refreshing native plugins compatible for Editor in 1.48 ms, found 4 plugins.
Native extension for Android target not found
Native extension for WindowsStandalone target not found
Mono: successfully reloaded assembly
- Finished resetting the current domain, in  0.606 seconds
Domain Reload Profiling: 1225ms
	BeginReloadAssembly (172ms)
		ExecutionOrderSort (0ms)
		DisableScriptedObjects (14ms)
		BackupInstance (0ms)
		ReleaseScriptingObjects (0ms)
		CreateAndSetChildDomain (40ms)
	RebuildCommonClasses (27ms)
	RebuildNativeTypeToScriptingClass (10ms)
	initialDomainReloadingComplete (24ms)
	LoadAllAssembliesAndSetupDomain (386ms)
		LoadAssemblies (288ms)
		RebuildTransferFunctionScriptingTraits (0ms)
		AnalyzeDomain (177ms)
			TypeCache.Refresh (8ms)
				TypeCache.ScanAssembly (0ms)
			BuildScriptInfoCaches (154ms)
			ResolveRequiredComponents (11ms)
	FinalizeReload (606ms)
		ReleaseScriptCaches (0ms)
		RebuildScriptCaches (0ms)
		SetupLoadedEditorAssemblies (446ms)
			LogAssemblyErrors (0ms)
			InitializePlatformSupportModulesInManaged (9ms)
			SetLoadedEditorAssemblies (4ms)
			BeforeProcessingInitializeOnLoad (108ms)
			ProcessInitializeOnLoadAttributes (270ms)
			ProcessInitializeOnLoadMethodAttributes (51ms)
			AfterProcessingInitializeOnLoad (5ms)
			EditorAssembliesLoaded (0ms)
		ExecutionOrderSort2 (0ms)
		AwakeInstancesAfterBackupRestoration (10ms)
Refreshing native plugins compatible for Editor in 1.54 ms, found 4 plugins.
Preloading 0 native plugins for Editor in 0.00 ms.
Unloading 13 Unused Serialized files (Serialized files now loaded: 0)
Unloading 6718 unused Assets / (4.2 MB). Loaded Objects now: 7431.
Memory consumption went from 149.3 MB to 145.1 MB.
Total: 6.382800 ms (FindLiveObjects: 0.564000 ms CreateObjectMapping: 0.503100 ms MarkObjects: 3.489800 ms  DeleteObjects: 1.825100 ms)

Prepare: number of updated asset objects reloaded= 0
========================================================================
Received Prepare
Refreshing native plugins compatible for Editor in 1.96 ms, found 4 plugins.
Preloading 0 native plugins for Editor in 0.00 ms.
Unloading 13 Unused Serialized files (Serialized files now loaded: 0)
Unloading 6707 unused Assets / (4.4 MB). Loaded Objects now: 7431.
Memory consumption went from 149.4 MB to 145.0 MB.
Total: 7.166900 ms (FindLiveObjects: 0.649100 ms CreateObjectMapping: 0.548700 ms MarkObjects: 3.896900 ms  DeleteObjects: 2.071400 ms)

Prepare: number of updated asset objects reloaded= 0
========================================================================
Received Prepare
Refreshing native plugins compatible for Editor in 2.15 ms, found 4 plugins.
Preloading 0 native plugins for Editor in 0.00 ms.
Unloading 13 Unused Serialized files (Serialized files now loaded: 0)
Unloading 6708 unused Assets / (4.3 MB). Loaded Objects now: 7432.
Memory consumption went from 149.4 MB to 145.2 MB.
Total: 9.706900 ms (FindLiveObjects: 0.708900 ms CreateObjectMapping: 0.808600 ms MarkObjects: 5.539700 ms  DeleteObjects: 2.648500 ms)

Prepare: number of updated asset objects reloaded= 0
========================================================================
Received Import Request.
  Time since last request: 48.179524 seconds.
  path: Assets/Scripts/Characters/Weapon.cs
  artifactKey: Guid(7d55cd08b18e2e74fa72ccd4019f1168) Importer(815301076,1909f56bfc062723c751e8b465ee728b)
Start importing Assets/Scripts/Characters/Weapon.cs using Guid(7d55cd08b18e2e74fa72ccd4019f1168) Importer(815301076,1909f56bfc062723c751e8b465ee728b) (PreviewImporter) -> (artifact id: 'ee028eb04355495b3bb27d2117ba1a10') in 0.0306458 seconds
Number of updated asset objects reloaded before import = 0Number of asset objects unloaded after import = 0

========================================================================
Received Prepare
Refreshing native plugins compatible for Editor in 2.27 ms, found 4 plugins.
Preloading 0 native plugins for Editor in 0.00 ms.
Unloading 13 Unused Serialized files (Serialized files now loaded: 0)
Unloading 6708 unused Assets / (4.2 MB). Loaded Objects now: 7432.
Memory consumption went from 149.4 MB to 145.2 MB.
Total: 10.052000 ms (FindLiveObjects: 0.946500 ms CreateObjectMapping: 0.859100 ms MarkObjects: 5.373400 ms  DeleteObjects: 2.871300 ms)

Prepare: number of updated asset objects reloaded= 0
========================================================================
Received Import Request.
  Time since last request: 17.589828 seconds.
  path: Assets/Scripts/Characters/Weapon.cs
  artifactKey: Guid(7d55cd08b18e2e74fa72ccd4019f1168) Importer(815301076,1909f56bfc062723c751e8b465ee728b)
Start importing Assets/Scripts/Characters/Weapon.cs using Guid(7d55cd08b18e2e74fa72ccd4019f1168) Importer(815301076,1909f56bfc062723c751e8b465ee728b) (PreviewImporter) -> (artifact id: 'd84815dafbf5be28f757cbd52e3f6d8e') in 0.0066435 seconds
Number of updated asset objects reloaded before import = 0Number of asset objects unloaded after import = 0

========================================================================
Received Prepare
Refreshing native plugins compatible for Editor in 1.91 ms, found 4 plugins.
Preloading 0 native plugins for Editor in 0.00 ms.
Unloading 13 Unused Serialized files (Serialized files now loaded: 0)
Unloading 6709 unused Assets / (4.0 MB). Loaded Objects now: 7433.
Memory consumption went from 149.4 MB to 145.5 MB.
Total: 9.283300 ms (FindLiveObjects: 0.732500 ms CreateObjectMapping: 0.670500 ms MarkObjects: 5.178100 ms  DeleteObjects: 2.700900 ms)

Prepare: number of updated asset objects reloaded= 0
========================================================================
Received Import Request.
  Time since last request: 7.780806 seconds.
  path: Assets/Scripts/Characters/Projectile.cs
  artifactKey: Guid(b9a31dc55b3a5cb48840e73a266b3e37) Importer(815301076,1909f56bfc062723c751e8b465ee728b)
Start importing Assets/Scripts/Characters/Projectile.cs using Guid(b9a31dc55b3a5cb48840e73a266b3e37) Importer(815301076,1909f56bfc062723c751e8b465ee728b) (PreviewImporter) -> (artifact id: '88eb50d1f31d23e59d3e7b35b6c21bf5') in 0.0033307 seconds
Number of updated asset objects reloaded before import = 0Number of asset objects unloaded after import = 0

========================================================================
Received Prepare
Refreshing native plugins compatible for Editor in 1.80 ms, found 4 plugins.
Preloading 0 native plugins for Editor in 0.00 ms.
Unloading 13 Unused Serialized files (Serialized files now loaded: 0)
Unloading 6709 unused Assets / (4.5 MB). Loaded Objects now: 7433.
Memory consumption went from 149.4 MB to 145.0 MB.
Total: 7.731200 ms (FindLiveObjects: 0.680000 ms CreateObjectMapping: 0.621300 ms MarkObjects: 3.940800 ms  DeleteObjects: 2.488100 ms)

Prepare: number of updated asset objects reloaded= 0
========================================================================
Received Import Request.
  Time since last request: 16.239958 seconds.
  path: Assets/Scripts/Characters/Projectile.cs
  artifactKey: Guid(b9a31dc55b3a5cb48840e73a266b3e37) Importer(815301076,1909f56bfc062723c751e8b465ee728b)
Start importing Assets/Scripts/Characters/Projectile.cs using Guid(b9a31dc55b3a5cb48840e73a266b3e37) Importer(815301076,1909f56bfc062723c751e8b465ee728b) (PreviewImporter) -> (artifact id: 'f635df0301578bd234e4c0d77f3af011') in 0.0037518 seconds
Number of updated asset objects reloaded before import = 0Number of asset objects unloaded after import = 0

========================================================================
Received Prepare
Refreshing native plugins compatible for Editor in 1.91 ms, found 4 plugins.
Preloading 0 native plugins for Editor in 0.00 ms.
Unloading 13 Unused Serialized files (Serialized files now loaded: 0)
Unloading 6710 unused Assets / (4.2 MB). Loaded Objects now: 7434.
Memory consumption went from 149.4 MB to 145.2 MB.
Total: 7.626500 ms (FindLiveObjects: 0.606600 ms CreateObjectMapping: 0.560500 ms MarkObjects: 4.269400 ms  DeleteObjects: 2.188900 ms)

Prepare: number of updated asset objects reloaded= 0
========================================================================
Received Import Request.
  Time since last request: 3.707275 seconds.
  path: Assets/Scripts/Characters/HeroUnlockManager.cs
  artifactKey: Guid(1ac4aa712cb94cc4d9e74c8d9e14b1f3) Importer(815301076,1909f56bfc062723c751e8b465ee728b)
Start importing Assets/Scripts/Characters/HeroUnlockManager.cs using Guid(1ac4aa712cb94cc4d9e74c8d9e14b1f3) Importer(815301076,1909f56bfc062723c751e8b465ee728b) (PreviewImporter) -> (artifact id: '853894d4da24163052ee244a6d0ffef5') in 0.003835 seconds
Number of updated asset objects reloaded before import = 0Number of asset objects unloaded after import = 0

========================================================================
Received Prepare
Refreshing native plugins compatible for Editor in 1.48 ms, found 4 plugins.
Preloading 0 native plugins for Editor in 0.00 ms.
Unloading 13 Unused Serialized files (Serialized files now loaded: 0)
Unloading 6710 unused Assets / (4.2 MB). Loaded Objects now: 7434.
Memory consumption went from 149.4 MB to 145.2 MB.
Total: 6.449800 ms (FindLiveObjects: 0.546400 ms CreateObjectMapping: 0.509000 ms MarkObjects: 3.429100 ms  DeleteObjects: 1.964600 ms)

Prepare: number of updated asset objects reloaded= 0
========================================================================
Received Prepare
Refreshing native plugins compatible for Editor in 1.50 ms, found 4 plugins.
Preloading 0 native plugins for Editor in 0.00 ms.
Unloading 13 Unused Serialized files (Serialized files now loaded: 0)
Unloading 6710 unused Assets / (4.3 MB). Loaded Objects now: 7434.
Memory consumption went from 149.4 MB to 145.1 MB.
Total: 7.274000 ms (FindLiveObjects: 0.563600 ms CreateObjectMapping: 0.585400 ms MarkObjects: 4.069100 ms  DeleteObjects: 2.054900 ms)

Prepare: number of updated asset objects reloaded= 0
========================================================================
Received Prepare
Refreshing native plugins compatible for Editor in 1.91 ms, found 4 plugins.
Preloading 0 native plugins for Editor in 0.00 ms.
Unloading 13 Unused Serialized files (Serialized files now loaded: 0)
Unloading 6711 unused Assets / (4.3 MB). Loaded Objects now: 7435.
Memory consumption went from 149.4 MB to 145.2 MB.
Total: 11.501100 ms (FindLiveObjects: 0.752700 ms CreateObjectMapping: 0.766400 ms MarkObjects: 6.721100 ms  DeleteObjects: 3.259500 ms)

Prepare: number of updated asset objects reloaded= 0
========================================================================
Received Import Request.
  Time since last request: 365.623238 seconds.
  path: Assets/Scripts/Enemy.cs
  artifactKey: Guid(b169a1293b4c02c48b67e1539191d7ee) Importer(815301076,1909f56bfc062723c751e8b465ee728b)
Start importing Assets/Scripts/Enemy.cs using Guid(b169a1293b4c02c48b67e1539191d7ee) Importer(815301076,1909f56bfc062723c751e8b465ee728b) (PreviewImporter) -> (artifact id: 'e79448d0044204d1c0277d492cf85c3c') in 0.0273204 seconds
Number of updated asset objects reloaded before import = 0Number of asset objects unloaded after import = 0

========================================================================
Received Prepare
Refreshing native plugins compatible for Editor in 2.14 ms, found 4 plugins.
Preloading 0 native plugins for Editor in 0.00 ms.
Unloading 13 Unused Serialized files (Serialized files now loaded: 0)
Unloading 6711 unused Assets / (4.8 MB). Loaded Objects now: 7435.
Memory consumption went from 149.4 MB to 144.7 MB.
Total: 12.046200 ms (FindLiveObjects: 0.887400 ms CreateObjectMapping: 1.088800 ms MarkObjects: 6.095600 ms  DeleteObjects: 3.973300 ms)

Prepare: number of updated asset objects reloaded= 0
========================================================================
Received Prepare
Refreshing native plugins compatible for Editor in 1.47 ms, found 4 plugins.
Preloading 0 native plugins for Editor in 0.00 ms.
Unloading 13 Unused Serialized files (Serialized files now loaded: 0)
Unloading 6711 unused Assets / (4.2 MB). Loaded Objects now: 7435.
Memory consumption went from 149.4 MB to 145.2 MB.
Total: 6.974600 ms (FindLiveObjects: 0.572400 ms CreateObjectMapping: 0.671600 ms MarkObjects: 3.917600 ms  DeleteObjects: 1.812200 ms)

Prepare: number of updated asset objects reloaded= 0
========================================================================
Received Import Request.
  Time since last request: 37.396211 seconds.
  path: Assets/Scripts/Characters/WeaponData.cs
  artifactKey: Guid(361149f7e212f4640a884133c9b74e80) Importer(815301076,1909f56bfc062723c751e8b465ee728b)
Start importing Assets/Scripts/Characters/WeaponData.cs using Guid(361149f7e212f4640a884133c9b74e80) Importer(815301076,1909f56bfc062723c751e8b465ee728b) (PreviewImporter) -> (artifact id: 'eb97278accf02cfd8c61f139c7865fec') in 0.0081957 seconds
Number of updated asset objects reloaded before import = 0Number of asset objects unloaded after import = 0

========================================================================
Received Prepare
Begin MonoManager ReloadAssembly
- Loaded All Assemblies, in  0.623 seconds
Refreshing native plugins compatible for Editor in 1.50 ms, found 4 plugins.
Native extension for Android target not found
Native extension for WindowsStandalone target not found
Mono: successfully reloaded assembly
- Finished resetting the current domain, in  0.683 seconds
Domain Reload Profiling: 1303ms
	BeginReloadAssembly (173ms)
		ExecutionOrderSort (0ms)
		DisableScriptedObjects (11ms)
		BackupInstance (0ms)
		ReleaseScriptingObjects (0ms)
		CreateAndSetChildDomain (44ms)
	RebuildCommonClasses (35ms)
	RebuildNativeTypeToScriptingClass (11ms)
	initialDomainReloadingComplete (27ms)
	LoadAllAssembliesAndSetupDomain (374ms)
		LoadAssemblies (296ms)
		RebuildTransferFunctionScriptingTraits (0ms)
		AnalyzeDomain (158ms)
			TypeCache.Refresh (8ms)
				TypeCache.ScanAssembly (0ms)
			BuildScriptInfoCaches (139ms)
			ResolveRequiredComponents (8ms)
	FinalizeReload (683ms)
		ReleaseScriptCaches (0ms)
		RebuildScriptCaches (0ms)
		SetupLoadedEditorAssemblies (504ms)
			LogAssemblyErrors (0ms)
			InitializePlatformSupportModulesInManaged (11ms)
			SetLoadedEditorAssemblies (6ms)
			BeforeProcessingInitializeOnLoad (105ms)
			ProcessInitializeOnLoadAttributes (326ms)
			ProcessInitializeOnLoadMethodAttributes (51ms)
			AfterProcessingInitializeOnLoad (4ms)
			EditorAssembliesLoaded (0ms)
		ExecutionOrderSort2 (0ms)
		AwakeInstancesAfterBackupRestoration (10ms)
Refreshing native plugins compatible for Editor in 1.82 ms, found 4 plugins.
Preloading 0 native plugins for Editor in 0.00 ms.
Unloading 13 Unused Serialized files (Serialized files now loaded: 0)
Unloading 6722 unused Assets / (4.2 MB). Loaded Objects now: 7438.
Memory consumption went from 149.3 MB to 145.1 MB.
Total: 7.685200 ms (FindLiveObjects: 0.563200 ms CreateObjectMapping: 0.698600 ms MarkObjects: 4.028400 ms  DeleteObjects: 2.394100 ms)

Prepare: number of updated asset objects reloaded= 0
========================================================================
Received Import Request.
  Time since last request: 70.568170 seconds.
  path: Assets/Scripts/Characters/WeaponData.cs
  artifactKey: Guid(361149f7e212f4640a884133c9b74e80) Importer(815301076,1909f56bfc062723c751e8b465ee728b)
Start importing Assets/Scripts/Characters/WeaponData.cs using Guid(361149f7e212f4640a884133c9b74e80) Importer(815301076,1909f56bfc062723c751e8b465ee728b) (PreviewImporter) -> (artifact id: 'db5bc5bd7bf58db565c272fb0c6fcaad') in 0.0042838 seconds
Number of updated asset objects reloaded before import = 0Number of asset objects unloaded after import = 0

========================================================================
Received Import Request.
  Time since last request: 8.926091 seconds.
  path: Assets/Characters/Tro/CursedGun.asset
  artifactKey: Guid(4106ceeae1655ca4697c5e63f3f25923) Importer(815301076,1909f56bfc062723c751e8b465ee728b)
Start importing Assets/Characters/Tro/CursedGun.asset using Guid(4106ceeae1655ca4697c5e63f3f25923) Importer(815301076,1909f56bfc062723c751e8b465ee728b) (PreviewImporter) -> (artifact id: '39e6c4ad60e78cadcb6f286826476dd4') in 0.0197422 seconds
Number of updated asset objects reloaded before import = 0Number of asset objects unloaded after import = 1

========================================================================
Received Import Request.
  Time since last request: 2.368680 seconds.
  path: Assets/Characters/Selene/PoisonPool.asset
  artifactKey: Guid(0ebcad235286b0c46be0c44a88e9f462) Importer(815301076,1909f56bfc062723c751e8b465ee728b)
Start importing Assets/Characters/Selene/PoisonPool.asset using Guid(0ebcad235286b0c46be0c44a88e9f462) Importer(815301076,1909f56bfc062723c751e8b465ee728b) (PreviewImporter) -> (artifact id: '81ec3efaa541d0d786960b45c420b4f0') in 0.0012641 seconds
Number of updated asset objects reloaded before import = 0Number of asset objects unloaded after import = 1

========================================================================
Received Import Request.
  Time since last request: 6.353748 seconds.
  path: Assets/Characters/Nyra/Nyra.asset
  artifactKey: Guid(e26e29385e1e32d4087072d23d1339eb) Importer(815301076,1909f56bfc062723c751e8b465ee728b)
Start importing Assets/Characters/Nyra/Nyra.asset using Guid(e26e29385e1e32d4087072d23d1339eb) Importer(815301076,1909f56bfc062723c751e8b465ee728b) (PreviewImporter) -> (artifact id: 'b66cb40e94ae9c0cad2602258dbd60fe') in 0.0016952 seconds
Number of updated asset objects reloaded before import = 0Number of asset objects unloaded after import = 3

========================================================================
Received Import Request.
  Time since last request: 3.675779 seconds.
  path: Assets/Characters/Murray/AnchorMelee.asset
  artifactKey: Guid(02a22847d41f73742bcb985077a28306) Importer(815301076,1909f56bfc062723c751e8b465ee728b)
Start importing Assets/Characters/Murray/AnchorMelee.asset using Guid(02a22847d41f73742bcb985077a28306) Importer(815301076,1909f56bfc062723c751e8b465ee728b) (PreviewImporter) -> (artifact id: 'e4be33c60713534b08caca0111835c7c') in 0.0013499 seconds
Number of updated asset objects reloaded before import = 0Number of asset objects unloaded after import = 2

========================================================================
Received Import Request.
  Time since last request: 41.835196 seconds.
  path: Assets/Characters/Kael/DuelistBlade.asset
  artifactKey: Guid(5b024981b242fbb4c8f98587fa386237) Importer(815301076,1909f56bfc062723c751e8b465ee728b)
Start importing Assets/Characters/Kael/DuelistBlade.asset using Guid(5b024981b242fbb4c8f98587fa386237) Importer(815301076,1909f56bfc062723c751e8b465ee728b) (PreviewImporter) -> (artifact id: 'd8d2091f62169da4f77359cf307f1652') in 0.0014367 seconds
Number of updated asset objects reloaded before import = 0Number of asset objects unloaded after import = 2

========================================================================
Received Import Request.
  Time since last request: 142.358697 seconds.
  path: Assets/Characters/Grim/GrimProjectile.prefab
  artifactKey: Guid(14ae57a01b5e07d49970e7a5033a3800) Importer(815301076,1909f56bfc062723c751e8b465ee728b)
Start importing Assets/Characters/Grim/GrimProjectile.prefab using Guid(14ae57a01b5e07d49970e7a5033a3800) Importer(815301076,1909f56bfc062723c751e8b465ee728b) (PreviewImporter) -> (artifact id: '30f2db5987f4aa47eee1525851030227') in 0.4059685 seconds
Number of updated asset objects reloaded before import = 0Number of asset objects unloaded after import = 7

========================================================================
Received Import Request.
  Time since last request: 59.493123 seconds.
  path: ProjectSettings/TagManager.asset
  artifactKey: Guid(00000000000000003000000000000000) Importer(815301076,1909f56bfc062723c751e8b465ee728b)
Start importing ProjectSettings/TagManager.asset using Guid(00000000000000003000000000000000) Importer(815301076,1909f56bfc062723c751e8b465ee728b) (PreviewImporter) -> (artifact id: '77f9dd6f28fd7527787506f1412fa193') in 0.0015209 seconds
Number of updated asset objects reloaded before import = 0Number of asset objects unloaded after import = 0

========================================================================
Received Import Request.
  Time since last request: 38.756580 seconds.
  path: Assets/Characters/Grim/GrimProjectile.prefab
  artifactKey: Guid(14ae57a01b5e07d49970e7a5033a3800) Importer(815301076,1909f56bfc062723c751e8b465ee728b)
Start importing Assets/Characters/Grim/GrimProjectile.prefab using Guid(14ae57a01b5e07d49970e7a5033a3800) Importer(815301076,1909f56bfc062723c751e8b465ee728b) (PreviewImporter) -> (artifact id: 'a61ba18f712b94089e3515b77bbda4c7') in 0.0148524 seconds
Number of updated asset objects reloaded before import = 0Number of asset objects unloaded after import = 7

========================================================================
Received Import Request.
  Time since last request: 63.783013 seconds.
  path: Assets/Characters/Grim/GrimProjectile.prefab
  artifactKey: Guid(14ae57a01b5e07d49970e7a5033a3800) Importer(815301076,1909f56bfc062723c751e8b465ee728b)
Start importing Assets/Characters/Grim/GrimProjectile.prefab using Guid(14ae57a01b5e07d49970e7a5033a3800) Importer(815301076,1909f56bfc062723c751e8b465ee728b) (PreviewImporter) -> (artifact id: '6537b305247e26a4aa8f94862c935594') in 0.0112237 seconds
Number of updated asset objects reloaded before import = 0Number of asset objects unloaded after import = 7

========================================================================
Received Import Request.
  Time since last request: 11.001292 seconds.
  path: Assets/Characters/Grim/GrimProjectile.prefab
  artifactKey: Guid(14ae57a01b5e07d49970e7a5033a3800) Importer(815301076,1909f56bfc062723c751e8b465ee728b)
Start importing Assets/Characters/Grim/GrimProjectile.prefab using Guid(14ae57a01b5e07d49970e7a5033a3800) Importer(815301076,1909f56bfc062723c751e8b465ee728b) (PreviewImporter) -> (artifact id: '362f0188e5b68376762826cab07056fc') in 0.0086424 seconds
Number of updated asset objects reloaded before import = 0Number of asset objects unloaded after import = 8

========================================================================
Received Import Request.
  Time since last request: 49.791707 seconds.
  path: Assets/Characters/Grim/GrimProjectile.prefab
  artifactKey: Guid(14ae57a01b5e07d49970e7a5033a3800) Importer(815301076,1909f56bfc062723c751e8b465ee728b)
Start importing Assets/Characters/Grim/GrimProjectile.prefab using Guid(14ae57a01b5e07d49970e7a5033a3800) Importer(815301076,1909f56bfc062723c751e8b465ee728b) (PreviewImporter) -> (artifact id: '8e61d5636a36e00553d5d0a413001829') in 0.0090432 seconds
Number of updated asset objects reloaded before import = 0Number of asset objects unloaded after import = 8

========================================================================
Received Import Request.
  Time since last request: 4.456763 seconds.
  path: Assets/Characters/Grim/GrimProjectile.prefab
  artifactKey: Guid(14ae57a01b5e07d49970e7a5033a3800) Importer(815301076,1909f56bfc062723c751e8b465ee728b)
Start importing Assets/Characters/Grim/GrimProjectile.prefab using Guid(14ae57a01b5e07d49970e7a5033a3800) Importer(815301076,1909f56bfc062723c751e8b465ee728b) (PreviewImporter) -> (artifact id: 'b8eb35466954a1a5d436334d16abf5f1') in 0.0082633 seconds
Number of updated asset objects reloaded before import = 0Number of asset objects unloaded after import = 9

========================================================================
Received Import Request.
  Time since last request: 3.174567 seconds.
  path: Assets/Characters/Grim/GrimProjectile.prefab
  artifactKey: Guid(14ae57a01b5e07d49970e7a5033a3800) Importer(815301076,1909f56bfc062723c751e8b465ee728b)
Start importing Assets/Characters/Grim/GrimProjectile.prefab using Guid(14ae57a01b5e07d49970e7a5033a3800) Importer(815301076,1909f56bfc062723c751e8b465ee728b) (PreviewImporter) -> (artifact id: '51d9837eb87fef76a644058842acc637') in 0.006841 seconds
Number of updated asset objects reloaded before import = 0Number of asset objects unloaded after import = 9

========================================================================
Received Import Request.
  Time since last request: 5.974361 seconds.
  path: Assets/Characters/Grim/GrimProjectile.prefab
  artifactKey: Guid(14ae57a01b5e07d49970e7a5033a3800) Importer(815301076,1909f56bfc062723c751e8b465ee728b)
Start importing Assets/Characters/Grim/GrimProjectile.prefab using Guid(14ae57a01b5e07d49970e7a5033a3800) Importer(815301076,1909f56bfc062723c751e8b465ee728b) (PreviewImporter) -> (artifact id: 'e9e04f7f5970d0bd181c8eee2d7f924b') in 0.0098525 seconds
Number of updated asset objects reloaded before import = 0Number of asset objects unloaded after import = 9

========================================================================
Received Import Request.
  Time since last request: 15.405569 seconds.
  path: Assets/Characters/Grim/GrimProjectile.prefab
  artifactKey: Guid(14ae57a01b5e07d49970e7a5033a3800) Importer(815301076,1909f56bfc062723c751e8b465ee728b)
Start importing Assets/Characters/Grim/GrimProjectile.prefab using Guid(14ae57a01b5e07d49970e7a5033a3800) Importer(815301076,1909f56bfc062723c751e8b465ee728b) (PreviewImporter) -> (artifact id: '60d38eb767fbd5bc1dcd52791bd4351f') in 0.0101605 seconds
Number of updated asset objects reloaded before import = 0Number of asset objects unloaded after import = 9

========================================================================
Received Import Request.
  Time since last request: 4.474200 seconds.
  path: Assets/Characters/Grim/GrimProjectile.prefab
  artifactKey: Guid(14ae57a01b5e07d49970e7a5033a3800) Importer(815301076,1909f56bfc062723c751e8b465ee728b)
Start importing Assets/Characters/Grim/GrimProjectile.prefab using Guid(14ae57a01b5e07d49970e7a5033a3800) Importer(815301076,1909f56bfc062723c751e8b465ee728b) (PreviewImporter) -> (artifact id: 'c491df77275905dc151f24f3bb0ad850') in 0.0110702 seconds
Number of updated asset objects reloaded before import = 0Number of asset objects unloaded after import = 9

========================================================================
Received Import Request.
  Time since last request: 8.851241 seconds.
  path: Assets/Characters/Grim/GrimProjectile.prefab
  artifactKey: Guid(14ae57a01b5e07d49970e7a5033a3800) Importer(815301076,1909f56bfc062723c751e8b465ee728b)
Start importing Assets/Characters/Grim/GrimProjectile.prefab using Guid(14ae57a01b5e07d49970e7a5033a3800) Importer(815301076,1909f56bfc062723c751e8b465ee728b) (PreviewImporter) -> (artifact id: '6bd09f15512234867649414b542c6a28') in 0.0084842 seconds
Number of updated asset objects reloaded before import = 0Number of asset objects unloaded after import = 10

========================================================================
Received Import Request.
  Time since last request: 48.117390 seconds.
  path: Assets/Characters/Grim/RuneBurst.asset
  artifactKey: Guid(adba93e6a1db9974ab1edb237fa0bbd1) Importer(815301076,1909f56bfc062723c751e8b465ee728b)
Start importing Assets/Characters/Grim/RuneBurst.asset using Guid(adba93e6a1db9974ab1edb237fa0bbd1) Importer(815301076,1909f56bfc062723c751e8b465ee728b) (PreviewImporter) -> (artifact id: '3a1eefb1dc0b26165b58b9f920383f9f') in 0.0016038 seconds
Number of updated asset objects reloaded before import = 0Number of asset objects unloaded after import = 2

